--- データベース清掃開始 ---
[2026-03-09 00:00:03.725100] Deleted old articles before 2026-03-02 00:00:03.700582
1週間以上前の古いデータを削除しました。
--- 監視開始 : 200件 ---
[2026-03-09 00:00:04.818228] Deleted old articles before 2026-03-02 00:00:04.813369
--- データベース清掃開始 ---
[2026-03-10 00:00:03.806609] Deleted old articles before 2026-03-03 00:00:03.798837
1週間以上前の古いデータを削除しました。
--- 監視開始 : 200件 ---

★重要ニュース発見 : 行政書士法人GOAL、GMO趣味なび・KRGと業務提携　　　　　　　協会ビジネスの「設立・信頼構築・DX」をワンストップ支援開始！
分析完了・保存しました

★重要ニュース発見 : 日次世論調査「世論レーダー」週次集計（3月第2週）を公開｜高市内閣支持率60.6%（前週比-2.7pt）、自民党支持率は29.4%で2ヶ月ぶり30%を下回る
分析完了・保存しました

★重要ニュース発見 : 「トレカキャンプ」を運営する 株式会社centerwave「トレカコモン」を運営する 株式会社Doggo と業務提携を発表
分析完了・保存しました
[2026-03-10 00:00:16.599226] Deleted old articles before 2026-03-03 00:00:16.594605
--- データベース清掃開始 ---
[2026-03-11 00:00:05.560720] Deleted old articles before 2026-03-04 00:00:05.273963
1週間以上前の古いデータを削除しました。
--- 監視開始 : 200件 ---

★重要ニュース発見 : 「かなえたい」を持ち込める会社 ―トヨタコネクティッドの“生命力”を拡張する新規事業創出プログラム「iii」を始動
分析完了・保存しました

★重要ニュース発見 : 水道会社発祥のスーツに見える作業着「WWS」、MOONRAKERSと共同開発！3/10(火)から汗ジミ防止・消臭など先端技術による機能搭載「無敵のシャツブルゾン・イージーパンツ」の一般販売開始！
分析完了・保存しました

★重要ニュース発見 : D-POPS GROUP、外国人向けサービスアパートメント「SUMII」を展開する株式会社Sumiiと資本業務提携を締結
分析完了・保存しました
[2026-03-11 00:00:19.413125] Deleted old articles before 2026-03-04 00:00:19.407715
--- データベース清掃開始 ---
[2026-03-12 00:00:06.739146] Deleted old articles before 2026-03-05 00:00:06.557303
1週間以上前の古いデータを削除しました。
--- 監視開始 : 200件 ---

★重要ニュース発見 : 世界初※、AI猫による自律社会「Meowster Town」誕生。社交ストレスゼロ。あなたの猫が世界を冒険する
分析完了・保存しました

★重要ニュース発見 : 補助金クラウド、パソナサステナビリティと業務提携を開始　企業のサステナビリティ経営を補助金活用を通じて支援する体制を構築
分析完了・保存しました

★重要ニュース発見 : CDIBクロスボーダー・イノベーション・ファンド(CCBI)九州有力VCと共同で福岡を代表するスタートアップ「トイポ」へ出資ー日本国内初のリード投資
分析完了・保存しました

★重要ニュース発見 : DAT上場企業向けAIネイティブファンドGaia、イオレと資本業務提携AI融合型DAT運用を本格展開
分析完了・保存しました

★重要ニュース発見 : 日本の製造技術が、WEBで「見えていない」｜WEB受注課題に対応、製造業特化ホームページ「SCSC Factory」提供開始
分析完了・保存しました

★重要ニュース発見 : 『Skills』登場！ユーザー数1,000万人突破のAIデザインエージェント「Lovart」、プロのデザイン工程をワンクリックで再現する新機能『Skills』を提供開始！
分析完了・保存しました
[2026-03-12 00:00:32.508355] Deleted old articles before 2026-03-05 00:00:32.503867
